2025-03-18 10:05:25 [INFO] --- Setting up Development Virtual Environment ---
2025-03-18 10:05:25 [INFO] 1. Checking if virtual environment already exists...
2025-03-18 10:05:25 [WARNING] Existing virtual environment found. Deleting and recreating...
2025-03-18 10:05:25 [INFO] 2. Creating virtual environment...
2025-03-18 10:05:27 [INFO] 3. Activating virtual environment...
2025-03-18 10:05:27 [INFO] 4. Installing dependencies...
Collecting Flask==3.0.0 (from -r requirements-dev.txt (line 1))
  Using cached flask-3.0.0-py3-none-any.whl.metadata (3.6 kB)
Collecting Jinja2==3.1.3 (from -r requirements-dev.txt (line 2))
  Using cached Jinja2-3.1.3-py3-none-any.whl.metadata (3.3 kB)
Collecting SQLAlchemy==2.0.25 (from -r requirements-dev.txt (line 3))
  Using cached SQLAlchemy-2.0.25-cp312-cp312-macosx_11_0_arm64.whl.metadata (9.6 kB)
Collecting Flask-Migrate==4.0.5 (from -r requirements-dev.txt (line 4))
  Using cached Flask_Migrate-4.0.5-py3-none-any.whl.metadata (3.1 kB)
Collecting Flask-WTF==1.2.1 (from -r requirements-dev.txt (line 5))
  Using cached flask_wtf-1.2.1-py3-none-any.whl.metadata (3.4 kB)
Collecting python-dotenv==1.0.0 (from -r requirements-dev.txt (line 6))
  Using cached python_dotenv-1.0.0-py3-none-any.whl.metadata (21 kB)
Collecting Werkzeug>=3.0.0 (from Flask==3.0.0->-r requirements-dev.txt (line 1))
  Using cached werkzeug-3.1.3-py3-none-any.whl.metadata (3.7 kB)
Collecting itsdangerous>=2.1.2 (from Flask==3.0.0->-r requirements-dev.txt (line 1))
  Using cached itsdangerous-2.2.0-py3-none-any.whl.metadata (1.9 kB)
Collecting click>=8.1.3 (from Flask==3.0.0->-r requirements-dev.txt (line 1))
  Using cached click-8.1.8-py3-none-any.whl.metadata (2.3 kB)
Collecting blinker>=1.6.2 (from Flask==3.0.0->-r requirements-dev.txt (line 1))
  Using cached blinker-1.9.0-py3-none-any.whl.metadata (1.6 kB)
Collecting MarkupSafe>=2.0 (from Jinja2==3.1.3->-r requirements-dev.txt (line 2))
  Using cached MarkupSafe-3.0.2-cp312-cp312-macosx_11_0_arm64.whl.metadata (4.0 kB)
Collecting typing-extensions>=4.6.0 (from SQLAlchemy==2.0.25->-r requirements-dev.txt (line 3))
  Using cached typing_extensions-4.12.2-py3-none-any.whl.metadata (3.0 kB)
Collecting Flask-SQLAlchemy>=1.0 (from Flask-Migrate==4.0.5->-r requirements-dev.txt (line 4))
  Using cached flask_sqlalchemy-3.1.1-py3-none-any.whl.metadata (3.4 kB)
Collecting alembic>=1.9.0 (from Flask-Migrate==4.0.5->-r requirements-dev.txt (line 4))
  Using cached alembic-1.15.1-py3-none-any.whl.metadata (7.2 kB)
Collecting wtforms (from Flask-WTF==1.2.1->-r requirements-dev.txt (line 5))
  Using cached wtforms-3.2.1-py3-none-any.whl.metadata (5.3 kB)
Collecting Mako (from alembic>=1.9.0->Flask-Migrate==4.0.5->-r requirements-dev.txt (line 4))
  Using cached Mako-1.3.9-py3-none-any.whl.metadata (2.9 kB)
Using cached flask-3.0.0-py3-none-any.whl (99 kB)
Using cached Jinja2-3.1.3-py3-none-any.whl (133 kB)
Using cached SQLAlchemy-2.0.25-cp312-cp312-macosx_11_0_arm64.whl (2.1 MB)
Using cached Flask_Migrate-4.0.5-py3-none-any.whl (21 kB)
Using cached flask_wtf-1.2.1-py3-none-any.whl (12 kB)
Using cached python_dotenv-1.0.0-py3-none-any.whl (19 kB)
Using cached alembic-1.15.1-py3-none-any.whl (231 kB)
Using cached blinker-1.9.0-py3-none-any.whl (8.5 kB)
Using cached click-8.1.8-py3-none-any.whl (98 kB)
Using cached flask_sqlalchemy-3.1.1-py3-none-any.whl (25 kB)
Using cached itsdangerous-2.2.0-py3-none-any.whl (16 kB)
Using cached MarkupSafe-3.0.2-cp312-cp312-macosx_11_0_arm64.whl (12 kB)
Using cached typing_extensions-4.12.2-py3-none-any.whl (37 kB)
Using cached werkzeug-3.1.3-py3-none-any.whl (224 kB)
Using cached wtforms-3.2.1-py3-none-any.whl (152 kB)
Using cached Mako-1.3.9-py3-none-any.whl (78 kB)
Installing collected packages: typing-extensions, python-dotenv, MarkupSafe, itsdangerous, click, blinker, wtforms, Werkzeug, SQLAlchemy, Mako, Jinja2, Flask, alembic, Flask-WTF, Flask-SQLAlchemy, Flask-Migrate
Successfully installed Flask-3.0.0 Flask-Migrate-4.0.5 Flask-SQLAlchemy-3.1.1 Flask-WTF-1.2.1 Jinja2-3.1.3 Mako-1.3.9 MarkupSafe-3.0.2 SQLAlchemy-2.0.25 Werkzeug-3.1.3 alembic-1.15.1 blinker-1.9.0 click-8.1.8 itsdangerous-2.2.0 python-dotenv-1.0.0 typing-extensions-4.12.2 wtforms-3.2.1

[notice] A new release of pip is available: 24.0 -> 25.0.1
[notice] To update, run: pip install --upgrade pip
2025-03-18 10:05:31 [INFO] ✅ Development environment setup complete!
2025-03-18 10:05:31 [INFO] --- Development Virtual Environment Created Successfully ---
2025-03-18 10:05:31 [INFO] 🔹 Run 'source .venv/bin/activate' to activate the virtual environment.
